15:40:18.221 INFO [GridLauncherV3.parse] - Selenium server version: 3.141.59, revision: e82be7d358
15:40:18.285 INFO [GridLauncherV3.lambda$buildLaunchers$3] - Launching a standalone Selenium Server on port 4444
2019-02-05 15:40:18.326:INFO::main: Logging initialized @250ms to org.seleniumhq.jetty9.util.log.StdErrLog
15:40:18.502 INFO [WebDriverServlet.<init>] - Initialising WebDriverServlet
15:40:18.795 INFO [SeleniumServer.boot] - Selenium Server is up and running on port 4444
15:40:19.646 INFO [ActiveSessionFactory.apply] - Capabilities are: {
  "acceptSslCerts": true,
  "browserName": "chrome",
  "chromeOptions": {
    "args": [
      "--window-size=1920,1080",
      "no-sandbox",
      "--disable-gpu",
      "--window-size=1920,1080"
    ]
  },
  "elementScrollBehavior": 1,
  "javascriptEnabled": true
}
15:40:19.647 INFO [ActiveSessionFactory.lambda$apply$11] - Matched factory org.openqa.selenium.grid.session.remote.ServicedSession$Factory (provider: org.openqa.selenium.chrome.ChromeDriverService)
Starting ChromeDriver 2.45.615291 (ec3682e3c9061c10f26ea9e5cdcf3c53f3f74387) on port 41837
Only local connections are allowed.
15:40:22.350 INFO [ProtocolHandshake.createSession] - Detected dialect: OSS
15:40:22.606 INFO [RemoteSession$Factory.lambda$performHandshake$0] - Started new session 9cba22d3e51f6539a2dbecf0b6381b86 (org.openqa.selenium.chrome.ChromeDriverService)
15:40:31.868 INFO [ActiveSessions$1.onStop] - Removing session 9cba22d3e51f6539a2dbecf0b6381b86 (org.openqa.selenium.chrome.ChromeDriverService)
